[2025-09-04T15:09:54.518+0100] {manager.py:469} INFO - Processing files using up to 1 processes at a time 
[2025-09-04T15:09:54.518+0100] {manager.py:470} INFO - Process each file at most once every 30 seconds
[2025-09-04T15:09:54.519+0100] {manager.py:471} INFO - Checking for new files in /Users/user/airflow/dags every 300 seconds
[2025-09-04T15:09:54.519+0100] {manager.py:738} INFO - Searching for files in /Users/user/airflow/dags
[2025-09-04T15:09:54.567+0100] {manager.py:741} INFO - There are 49 files in /Users/user/airflow/dags
[2025-09-04T15:09:56.691+0100] {manager.py:879} INFO - 
================================================================================
DAG File Processing Stats

File Path                                                                                                                                     PID    Runtime      # DAGs    # Errors  Last Runtime    Last Run
--------------------------------------------------------------------------------------------------------------------------------------------  -----  ---------  --------  ----------  --------------  -------------------
/opt/miniconda3/envs/airflow310/lib/python3.10/site-packages/airflow/example_dags/example_latest_only.py                                                               0           0
/opt/miniconda3/envs/airflow310/lib/python3.10/site-packages/airflow/example_dags/example_local_kubernetes_executor.py                                                 0           0
/opt/miniconda3/envs/airflow310/lib/python3.10/site-packages/airflow/example_dags/example_task_group_decorator.py                                                      0           0
/opt/miniconda3/envs/airflow310/lib/python3.10/site-packages/airflow/example_dags/example_complex.py                                                                   0           0
/opt/miniconda3/envs/airflow310/lib/python3.10/site-packages/airflow/example_dags/example_python_operator.py                                                           0           0
/opt/miniconda3/envs/airflow310/lib/python3.10/site-packages/airflow/example_dags/tutorial_taskflow_api_virtualenv.py                                                  0           0
/opt/miniconda3/envs/airflow310/lib/python3.10/site-packages/airflow/example_dags/example_params_trigger_ui.py                                                         0           0
/opt/miniconda3/envs/airflow310/lib/python3.10/site-packages/airflow/example_dags/example_external_task_marker_dag.py                                                  0           0
/opt/miniconda3/envs/airflow310/lib/python3.10/site-packages/airflow/example_dags/tutorial_objectstorage.py                                                            0           0
/opt/miniconda3/envs/airflow310/lib/python3.10/site-packages/airflow/example_dags/example_bash_operator.py                                                             0           0
/opt/miniconda3/envs/airflow310/lib/python3.10/site-packages/airflow/example_dags/example_short_circuit_operator.py                                                    0           0
/opt/miniconda3/envs/airflow310/lib/python3.10/site-packages/airflow/example_dags/example_setup_teardown.py                                                            0           0
/opt/miniconda3/envs/airflow310/lib/python3.10/site-packages/airflow/example_dags/example_branch_operator.py                                                           0           0
/opt/miniconda3/envs/airflow310/lib/python3.10/site-packages/airflow/example_dags/example_branch_labels.py                                                             0           0
/opt/miniconda3/envs/airflow310/lib/python3.10/site-packages/airflow/example_dags/tutorial_taskflow_api.py                                                             0           0
/opt/miniconda3/envs/airflow310/lib/python3.10/site-packages/airflow/example_dags/example_task_group.py                                                                0           0
/opt/miniconda3/envs/airflow310/lib/python3.10/site-packages/airflow/example_dags/tutorial.py                                                                          0           0
/opt/miniconda3/envs/airflow310/lib/python3.10/site-packages/airflow/example_dags/example_python_decorator.py                                                          0           0
/opt/miniconda3/envs/airflow310/lib/python3.10/site-packages/airflow/example_dags/example_sla_dag.py                                                                   0           0
/opt/miniconda3/envs/airflow310/lib/python3.10/site-packages/airflow/example_dags/example_passing_params_via_test_command.py                                           0           0
/opt/miniconda3/envs/airflow310/lib/python3.10/site-packages/airflow/example_dags/example_latest_only_with_trigger.py                                                  0           0
/opt/miniconda3/envs/airflow310/lib/python3.10/site-packages/airflow/example_dags/example_time_delta_sensor_async.py                                                   0           0
/opt/miniconda3/envs/airflow310/lib/python3.10/site-packages/airflow/example_dags/example_dag_decorator.py                                                             0           0
/opt/miniconda3/envs/airflow310/lib/python3.10/site-packages/airflow/example_dags/example_xcom.py                                                                      0           0
/opt/miniconda3/envs/airflow310/lib/python3.10/site-packages/airflow/example_dags/example_xcomargs.py                                                                  0           0
/opt/miniconda3/envs/airflow310/lib/python3.10/site-packages/airflow/example_dags/example_branch_operator_decorator.py                                                 0           0
/opt/miniconda3/envs/airflow310/lib/python3.10/site-packages/airflow/example_dags/example_branch_day_of_week_operator.py                                               0           0
/opt/miniconda3/envs/airflow310/lib/python3.10/site-packages/airflow/example_dags/example_skip_dag.py                                                                  0           0
/opt/miniconda3/envs/airflow310/lib/python3.10/site-packages/airflow/example_dags/example_short_circuit_decorator.py                                                   0           0
/opt/miniconda3/envs/airflow310/lib/python3.10/site-packages/airflow/example_dags/example_datasets.py                                                                  0           0
/opt/miniconda3/envs/airflow310/lib/python3.10/site-packages/airflow/example_dags/tutorial_dag.py                                                                      0           0
/opt/miniconda3/envs/airflow310/lib/python3.10/site-packages/airflow/example_dags/example_trigger_target_dag.py                                                        0           0
/opt/miniconda3/envs/airflow310/lib/python3.10/site-packages/airflow/example_dags/example_sensor_decorator.py                                                          0           0
/opt/miniconda3/envs/airflow310/lib/python3.10/site-packages/airflow/example_dags/example_kubernetes_executor.py                                                       0           0
/opt/miniconda3/envs/airflow310/lib/python3.10/site-packages/airflow/example_dags/example_branch_python_dop_operator_3.py                                              0           0
/opt/miniconda3/envs/airflow310/lib/python3.10/site-packages/airflow/example_dags/example_sensors.py                                                                   0           0
/opt/miniconda3/envs/airflow310/lib/python3.10/site-packages/airflow/example_dags/example_setup_teardown_taskflow.py                                                   0           0
/opt/miniconda3/envs/airflow310/lib/python3.10/site-packages/airflow/example_dags/example_branch_datetime_operator.py                                                  0           0
/opt/miniconda3/envs/airflow310/lib/python3.10/site-packages/airflow/example_dags/example_nested_branch_dag.py                                                         0           0
/opt/miniconda3/envs/airflow310/lib/python3.10/site-packages/airflow/example_dags/example_subdag_operator.py                                                           0           0
/opt/miniconda3/envs/airflow310/lib/python3.10/site-packages/airflow/example_dags/example_dynamic_task_mapping_with_no_taskflow_operators.py                           0           0
/opt/miniconda3/envs/airflow310/lib/python3.10/site-packages/airflow/example_dags/example_trigger_controller_dag.py                                                    0           0
/opt/miniconda3/envs/airflow310/lib/python3.10/site-packages/airflow/example_dags/example_params_ui_tutorial.py                                                        0           0
/opt/miniconda3/envs/airflow310/lib/python3.10/site-packages/airflow/example_dags/example_dynamic_task_mapping.py                                                      0           0
/opt/miniconda3/envs/airflow310/lib/python3.10/site-packages/airflow/example_dags/plugins/workday.py                                                                   0           0
/opt/miniconda3/envs/airflow310/lib/python3.10/site-packages/airflow/example_dags/plugins/event_listener.py                                                            0           0
/opt/miniconda3/envs/airflow310/lib/python3.10/site-packages/airflow/example_dags/plugins/listener_plugin.py                                                           0           0
/opt/miniconda3/envs/airflow310/lib/python3.10/site-packages/airflow/example_dags/subdags/subdag.py                                                                    0           0
/Users/user/airflow/dags/customer_pipeline_dag.py                                                                                                                      1           0  2.02s           2025-09-04T14:09:56
================================================================================
[2025-09-04T15:10:28.115+0100] {manager.py:879} INFO - 
================================================================================
DAG File Processing Stats

File Path                                                                                                                                     PID    Runtime      # DAGs    # Errors  Last Runtime    Last Run
--------------------------------------------------------------------------------------------------------------------------------------------  -----  ---------  --------  ----------  --------------  -------------------
/opt/miniconda3/envs/airflow310/lib/python3.10/site-packages/airflow/example_dags/example_latest_only.py                                                               0           0
/opt/miniconda3/envs/airflow310/lib/python3.10/site-packages/airflow/example_dags/example_local_kubernetes_executor.py                                                 0           0
/opt/miniconda3/envs/airflow310/lib/python3.10/site-packages/airflow/example_dags/example_task_group_decorator.py                                                      0           0
/opt/miniconda3/envs/airflow310/lib/python3.10/site-packages/airflow/example_dags/example_complex.py                                                                   0           0
/opt/miniconda3/envs/airflow310/lib/python3.10/site-packages/airflow/example_dags/example_python_operator.py                                                           0           0
/opt/miniconda3/envs/airflow310/lib/python3.10/site-packages/airflow/example_dags/tutorial_taskflow_api_virtualenv.py                                                  0           0  1.82s           2025-09-04T14:10:09
/opt/miniconda3/envs/airflow310/lib/python3.10/site-packages/airflow/example_dags/example_params_trigger_ui.py                                                         0           0
/opt/miniconda3/envs/airflow310/lib/python3.10/site-packages/airflow/example_dags/example_external_task_marker_dag.py                                                  0           0
/opt/miniconda3/envs/airflow310/lib/python3.10/site-packages/airflow/example_dags/example_bash_operator.py                                                             0           0
/opt/miniconda3/envs/airflow310/lib/python3.10/site-packages/airflow/example_dags/example_short_circuit_operator.py                                                    0           0
/opt/miniconda3/envs/airflow310/lib/python3.10/site-packages/airflow/example_dags/example_setup_teardown.py                                                            0           0
/opt/miniconda3/envs/airflow310/lib/python3.10/site-packages/airflow/example_dags/example_branch_operator.py                                                           0           0
/opt/miniconda3/envs/airflow310/lib/python3.10/site-packages/airflow/example_dags/example_branch_labels.py                                                             0           0
/opt/miniconda3/envs/airflow310/lib/python3.10/site-packages/airflow/example_dags/example_task_group.py                                                                0           0
/opt/miniconda3/envs/airflow310/lib/python3.10/site-packages/airflow/example_dags/example_python_decorator.py                                                          0           0
/opt/miniconda3/envs/airflow310/lib/python3.10/site-packages/airflow/example_dags/example_sla_dag.py                                                                   0           0
/opt/miniconda3/envs/airflow310/lib/python3.10/site-packages/airflow/example_dags/example_passing_params_via_test_command.py                                           0           0
/opt/miniconda3/envs/airflow310/lib/python3.10/site-packages/airflow/example_dags/example_latest_only_with_trigger.py                                                  0           0
/opt/miniconda3/envs/airflow310/lib/python3.10/site-packages/airflow/example_dags/example_time_delta_sensor_async.py                                                   0           0
/opt/miniconda3/envs/airflow310/lib/python3.10/site-packages/airflow/example_dags/example_dag_decorator.py                                                             0           0
/opt/miniconda3/envs/airflow310/lib/python3.10/site-packages/airflow/example_dags/example_branch_operator_decorator.py                                                 0           0
/opt/miniconda3/envs/airflow310/lib/python3.10/site-packages/airflow/example_dags/example_branch_day_of_week_operator.py                                               0           0
/opt/miniconda3/envs/airflow310/lib/python3.10/site-packages/airflow/example_dags/example_skip_dag.py                                                                  0           0
/opt/miniconda3/envs/airflow310/lib/python3.10/site-packages/airflow/example_dags/example_short_circuit_decorator.py                                                   0           0
/opt/miniconda3/envs/airflow310/lib/python3.10/site-packages/airflow/example_dags/example_datasets.py                                                                  0           0
/opt/miniconda3/envs/airflow310/lib/python3.10/site-packages/airflow/example_dags/example_trigger_target_dag.py                                                        0           0
/opt/miniconda3/envs/airflow310/lib/python3.10/site-packages/airflow/example_dags/example_sensor_decorator.py                                                          0           0
/opt/miniconda3/envs/airflow310/lib/python3.10/site-packages/airflow/example_dags/example_kubernetes_executor.py                                                       0           0
/opt/miniconda3/envs/airflow310/lib/python3.10/site-packages/airflow/example_dags/example_branch_python_dop_operator_3.py                                              0           0
/opt/miniconda3/envs/airflow310/lib/python3.10/site-packages/airflow/example_dags/example_sensors.py                                                                   0           0
/opt/miniconda3/envs/airflow310/lib/python3.10/site-packages/airflow/example_dags/example_setup_teardown_taskflow.py                                                   0           0
/opt/miniconda3/envs/airflow310/lib/python3.10/site-packages/airflow/example_dags/example_branch_datetime_operator.py                                                  0           0
/opt/miniconda3/envs/airflow310/lib/python3.10/site-packages/airflow/example_dags/example_nested_branch_dag.py                                                         0           0
/opt/miniconda3/envs/airflow310/lib/python3.10/site-packages/airflow/example_dags/example_subdag_operator.py                                                           0           0
/opt/miniconda3/envs/airflow310/lib/python3.10/site-packages/airflow/example_dags/example_dynamic_task_mapping_with_no_taskflow_operators.py                           0           0
/opt/miniconda3/envs/airflow310/lib/python3.10/site-packages/airflow/example_dags/example_trigger_controller_dag.py                                                    0           0
/opt/miniconda3/envs/airflow310/lib/python3.10/site-packages/airflow/example_dags/example_params_ui_tutorial.py                                                        0           0
/opt/miniconda3/envs/airflow310/lib/python3.10/site-packages/airflow/example_dags/example_dynamic_task_mapping.py                                                      0           0
/opt/miniconda3/envs/airflow310/lib/python3.10/site-packages/airflow/example_dags/plugins/workday.py                                                                   0           0  1.78s           2025-09-04T14:10:02
/opt/miniconda3/envs/airflow310/lib/python3.10/site-packages/airflow/example_dags/plugins/event_listener.py                                                            0           0  1.82s           2025-09-04T14:10:07
/opt/miniconda3/envs/airflow310/lib/python3.10/site-packages/airflow/example_dags/plugins/listener_plugin.py                                                           0           0  1.77s           2025-09-04T14:10:04
/opt/miniconda3/envs/airflow310/lib/python3.10/site-packages/airflow/example_dags/subdags/subdag.py                                                                    0           0  1.67s           2025-09-04T14:09:59
/Users/user/airflow/dags/customer_pipeline_dag.py                                                                                                                      1           0  2.02s           2025-09-04T14:09:56
/opt/miniconda3/envs/airflow310/lib/python3.10/site-packages/airflow/example_dags/tutorial_objectstorage.py                                                            1           0  1.97s           2025-09-04T14:10:16
/opt/miniconda3/envs/airflow310/lib/python3.10/site-packages/airflow/example_dags/tutorial_taskflow_api.py                                                             1           0  2.04s           2025-09-04T14:10:13
/opt/miniconda3/envs/airflow310/lib/python3.10/site-packages/airflow/example_dags/tutorial.py                                                                          1           0  1.98s           2025-09-04T14:10:22
/opt/miniconda3/envs/airflow310/lib/python3.10/site-packages/airflow/example_dags/example_xcom.py                                                                      1           0  1.87s           2025-09-04T14:10:28
/opt/miniconda3/envs/airflow310/lib/python3.10/site-packages/airflow/example_dags/tutorial_dag.py                                                                      1           0  1.97s           2025-09-04T14:10:19
/opt/miniconda3/envs/airflow310/lib/python3.10/site-packages/airflow/example_dags/example_xcomargs.py                                                                  2           0  2.00s           2025-09-04T14:10:25
================================================================================
[2025-09-04T15:10:59.293+0100] {manager.py:1017} ERROR - Processor for /opt/miniconda3/envs/airflow310/lib/python3.10/site-packages/airflow/example_dags/example_short_circuit_decorator.py exited with return code 1.
[2025-09-04T15:10:59.304+0100] {manager.py:879} INFO - 
================================================================================
DAG File Processing Stats

File Path                                                                                                                                     PID    Runtime      # DAGs    # Errors  Last Runtime    Last Run
--------------------------------------------------------------------------------------------------------------------------------------------  -----  ---------  --------  ----------  --------------  -------------------
/opt/miniconda3/envs/airflow310/lib/python3.10/site-packages/airflow/example_dags/example_latest_only.py                                                               0           0
/opt/miniconda3/envs/airflow310/lib/python3.10/site-packages/airflow/example_dags/example_local_kubernetes_executor.py                                                 0           0
/opt/miniconda3/envs/airflow310/lib/python3.10/site-packages/airflow/example_dags/example_complex.py                                                                   0           0
/opt/miniconda3/envs/airflow310/lib/python3.10/site-packages/airflow/example_dags/example_python_operator.py                                                           0           0
/opt/miniconda3/envs/airflow310/lib/python3.10/site-packages/airflow/example_dags/tutorial_taskflow_api_virtualenv.py                                                  0           0  1.82s           2025-09-04T14:10:09
/opt/miniconda3/envs/airflow310/lib/python3.10/site-packages/airflow/example_dags/example_params_trigger_ui.py                                                         0           0
/opt/miniconda3/envs/airflow310/lib/python3.10/site-packages/airflow/example_dags/example_external_task_marker_dag.py                                                  0           0
/opt/miniconda3/envs/airflow310/lib/python3.10/site-packages/airflow/example_dags/example_bash_operator.py                                                             0           0
/opt/miniconda3/envs/airflow310/lib/python3.10/site-packages/airflow/example_dags/example_setup_teardown.py                                                            0           0
/opt/miniconda3/envs/airflow310/lib/python3.10/site-packages/airflow/example_dags/example_branch_operator.py                                                           0           0
/opt/miniconda3/envs/airflow310/lib/python3.10/site-packages/airflow/example_dags/example_branch_labels.py                                                             0           0
/opt/miniconda3/envs/airflow310/lib/python3.10/site-packages/airflow/example_dags/example_python_decorator.py                                                          0           0
/opt/miniconda3/envs/airflow310/lib/python3.10/site-packages/airflow/example_dags/example_passing_params_via_test_command.py                                           0           0
/opt/miniconda3/envs/airflow310/lib/python3.10/site-packages/airflow/example_dags/example_latest_only_with_trigger.py                                                  0           0
/opt/miniconda3/envs/airflow310/lib/python3.10/site-packages/airflow/example_dags/example_dag_decorator.py                                                             0           0
/opt/miniconda3/envs/airflow310/lib/python3.10/site-packages/airflow/example_dags/example_branch_operator_decorator.py                                                 0           0
/opt/miniconda3/envs/airflow310/lib/python3.10/site-packages/airflow/example_dags/example_branch_day_of_week_operator.py                                               0           0
/opt/miniconda3/envs/airflow310/lib/python3.10/site-packages/airflow/example_dags/example_short_circuit_decorator.py                                                   0          -1  3.48s           2025-09-04T14:10:59
/opt/miniconda3/envs/airflow310/lib/python3.10/site-packages/airflow/example_dags/example_datasets.py                                                                  0           0
/opt/miniconda3/envs/airflow310/lib/python3.10/site-packages/airflow/example_dags/example_sensor_decorator.py                                                          0           0
/opt/miniconda3/envs/airflow310/lib/python3.10/site-packages/airflow/example_dags/example_kubernetes_executor.py                                                       0           0
/opt/miniconda3/envs/airflow310/lib/python3.10/site-packages/airflow/example_dags/example_branch_python_dop_operator_3.py                                              0           0
/opt/miniconda3/envs/airflow310/lib/python3.10/site-packages/airflow/example_dags/example_sensors.py                                                                   0           0
/opt/miniconda3/envs/airflow310/lib/python3.10/site-packages/airflow/example_dags/example_setup_teardown_taskflow.py                                                   0           0
/opt/miniconda3/envs/airflow310/lib/python3.10/site-packages/airflow/example_dags/example_branch_datetime_operator.py                                                  0           0
/opt/miniconda3/envs/airflow310/lib/python3.10/site-packages/airflow/example_dags/example_nested_branch_dag.py                                                         0           0
/opt/miniconda3/envs/airflow310/lib/python3.10/site-packages/airflow/example_dags/example_dynamic_task_mapping_with_no_taskflow_operators.py                           0           0
/opt/miniconda3/envs/airflow310/lib/python3.10/site-packages/airflow/example_dags/example_params_ui_tutorial.py                                                        0           0
/opt/miniconda3/envs/airflow310/lib/python3.10/site-packages/airflow/example_dags/example_dynamic_task_mapping.py                                                      0           0
/opt/miniconda3/envs/airflow310/lib/python3.10/site-packages/airflow/example_dags/plugins/workday.py                                                                   0           0  1.78s           2025-09-04T14:10:02
/opt/miniconda3/envs/airflow310/lib/python3.10/site-packages/airflow/example_dags/plugins/event_listener.py                                                            0           0  1.82s           2025-09-04T14:10:07
/opt/miniconda3/envs/airflow310/lib/python3.10/site-packages/airflow/example_dags/plugins/listener_plugin.py                                                           0           0  1.77s           2025-09-04T14:10:04
/opt/miniconda3/envs/airflow310/lib/python3.10/site-packages/airflow/example_dags/subdags/subdag.py                                                                    0           0  1.67s           2025-09-04T14:09:59
/Users/user/airflow/dags/customer_pipeline_dag.py                                                                                                                      1           0  2.02s           2025-09-04T14:09:56
/opt/miniconda3/envs/airflow310/lib/python3.10/site-packages/airflow/example_dags/example_task_group_decorator.py                                                      1           0  1.92s           2025-09-04T14:10:39
/opt/miniconda3/envs/airflow310/lib/python3.10/site-packages/airflow/example_dags/tutorial_objectstorage.py                                                            1           0  1.97s           2025-09-04T14:10:16
/opt/miniconda3/envs/airflow310/lib/python3.10/site-packages/airflow/example_dags/example_short_circuit_operator.py                                                    1           0  1.95s           2025-09-04T14:10:54
/opt/miniconda3/envs/airflow310/lib/python3.10/site-packages/airflow/example_dags/tutorial_taskflow_api.py                                                             1           0  2.04s           2025-09-04T14:10:13
/opt/miniconda3/envs/airflow310/lib/python3.10/site-packages/airflow/example_dags/example_task_group.py                                                                1           0  1.87s           2025-09-04T14:10:42
/opt/miniconda3/envs/airflow310/lib/python3.10/site-packages/airflow/example_dags/tutorial.py                                                                          1           0  1.98s           2025-09-04T14:10:22
/opt/miniconda3/envs/airflow310/lib/python3.10/site-packages/airflow/example_dags/example_sla_dag.py                                                                   1           0  1.93s           2025-09-04T14:10:48
/opt/miniconda3/envs/airflow310/lib/python3.10/site-packages/airflow/example_dags/example_time_delta_sensor_async.py                                                   1           0  1.76s           2025-09-04T14:10:36
/opt/miniconda3/envs/airflow310/lib/python3.10/site-packages/airflow/example_dags/example_xcom.py                                                                      1           0  1.87s           2025-09-04T14:10:28
/opt/miniconda3/envs/airflow310/lib/python3.10/site-packages/airflow/example_dags/example_skip_dag.py                                                                  1           0  2.20s           2025-09-04T14:10:51
/opt/miniconda3/envs/airflow310/lib/python3.10/site-packages/airflow/example_dags/tutorial_dag.py                                                                      1           0  1.97s           2025-09-04T14:10:19
/opt/miniconda3/envs/airflow310/lib/python3.10/site-packages/airflow/example_dags/example_trigger_target_dag.py                                                        1           0  2.03s           2025-09-04T14:10:31
/opt/miniconda3/envs/airflow310/lib/python3.10/site-packages/airflow/example_dags/example_trigger_controller_dag.py                                                    1           0  1.75s           2025-09-04T14:10:33
/opt/miniconda3/envs/airflow310/lib/python3.10/site-packages/airflow/example_dags/example_xcomargs.py                                                                  2           0  2.00s           2025-09-04T14:10:25
/opt/miniconda3/envs/airflow310/lib/python3.10/site-packages/airflow/example_dags/example_subdag_operator.py                                                           3           0  1.87s           2025-09-04T14:10:45
================================================================================
[2025-09-04T15:11:01.681+0100] {manager.py:451} INFO - Exiting gracefully upon receiving signal 15
